<?xml version="1.0" encoding="UTF-8"?>
<testsuite xmlns:xsi="http://www.w3.org/2001/XMLSchema-instance" xsi:noNamespaceSchemaLocation="https://maven.apache.org/surefire/maven-surefire-plugin/xsd/surefire-test-report.xsd" name="custom.CustomCounterProcessorTest" time="0.342" tests="1" errors="0" skipped="0" failures="0">
  <properties>
    <property name="gopherProxySet" value="false"/>
    <property name="awt.toolkit" value="sun.lwawt.macosx.LWCToolkit"/>
    <property name="java.specification.version" value="9"/>
    <property name="file.encoding.pkg" value="sun.io"/>
    <property name="sun.cpu.isalist" value=""/>
    <property name="sun.jnu.encoding" value="UTF-8"/>
    <property name="java.class.path" value="/Users/elli/IdeaProjects/custom-nifi/nifi-demo-processors/target/test-classes:/Users/elli/IdeaProjects/custom-nifi/nifi-demo-processors/target/classes:/Users/elli/.m2/repository/org/apache/nifi/nifi-api/1.8.0/nifi-api-1.8.0.jar:/Users/elli/.m2/repository/org/apache/nifi/nifi-utils/1.8.0/nifi-utils-1.8.0.jar:/Users/elli/.m2/repository/org/apache/nifi/nifi-mock/1.8.0/nifi-mock-1.8.0.jar:/Users/elli/.m2/repository/org/apache/nifi/nifi-framework-api/1.8.0/nifi-framework-api-1.8.0.jar:/Users/elli/.m2/repository/org/apache/nifi/nifi-expression-language/1.8.0/nifi-expression-language-1.8.0.jar:/Users/elli/.m2/repository/org/antlr/antlr-runtime/3.5.2/antlr-runtime-3.5.2.jar:/Users/elli/.m2/repository/com/jayway/jsonpath/json-path/2.4.0/json-path-2.4.0.jar:/Users/elli/.m2/repository/net/minidev/json-smart/2.3/json-smart-2.3.jar:/Users/elli/.m2/repository/net/minidev/accessors-smart/1.2/accessors-smart-1.2.jar:/Users/elli/.m2/repository/org/ow2/asm/asm/5.0.4/asm-5.0.4.jar:/Users/elli/.m2/repository/com/fasterxml/jackson/core/jackson-databind/2.9.7/jackson-databind-2.9.7.jar:/Users/elli/.m2/repository/com/fasterxml/jackson/core/jackson-annotations/2.9.0/jackson-annotations-2.9.0.jar:/Users/elli/.m2/repository/com/fasterxml/jackson/core/jackson-core/2.9.7/jackson-core-2.9.7.jar:/Users/elli/.m2/repository/org/apache/commons/commons-text/1.4/commons-text-1.4.jar:/Users/elli/.m2/repository/org/apache/commons/commons-lang3/3.7/commons-lang3-3.7.jar:/Users/elli/.m2/repository/org/apache/nifi/nifi-data-provenance-utils/1.8.0/nifi-data-provenance-utils-1.8.0.jar:/Users/elli/.m2/repository/org/apache/nifi/nifi-security-utils/1.8.0/nifi-security-utils-1.8.0.jar:/Users/elli/.m2/repository/commons-codec/commons-codec/1.11/commons-codec-1.11.jar:/Users/elli/.m2/repository/org/bouncycastle/bcpkix-jdk15on/1.60/bcpkix-jdk15on-1.60.jar:/Users/elli/.m2/repository/de/svenkubiak/jBCrypt/0.4.1/jBCrypt-0.4.1.jar:/Users/elli/.m2/repository/org/bouncycastle/bcprov-jdk15on/1.60/bcprov-jdk15on-1.60.jar:/Users/elli/.m2/repository/org/apache/nifi/nifi-properties-loader/1.8.0/nifi-properties-loader-1.8.0.jar:/Users/elli/.m2/repository/ch/qos/logback/logback-classic/1.2.3/logback-classic-1.2.3.jar:/Users/elli/.m2/repository/ch/qos/logback/logback-core/1.2.3/logback-core-1.2.3.jar:/Users/elli/.m2/repository/org/apache/nifi/nifi-properties/1.8.0/nifi-properties-1.8.0.jar:/Users/elli/.m2/repository/org/slf4j/slf4j-simple/1.7.25/slf4j-simple-1.7.25.jar:/Users/elli/.m2/repository/org/slf4j/slf4j-api/1.7.25/slf4j-api-1.7.25.jar:/Users/elli/.m2/repository/junit/junit/4.12/junit-4.12.jar:/Users/elli/.m2/repository/org/hamcrest/hamcrest-core/1.3/hamcrest-core-1.3.jar:/Users/elli/.m2/repository/commons-io/commons-io/2.4/commons-io-2.4.jar:/Users/elli/.m2/repository/org/json/json/20180130/json-20180130.jar:/Users/elli/.m2/repository/org/mockito/mockito-core/1.10.19/mockito-core-1.10.19.jar:/Users/elli/.m2/repository/org/objenesis/objenesis/2.1/objenesis-2.1.jar:/Users/elli/.m2/repository/org/codehaus/groovy/groovy-all/2.4.13/groovy-all-2.4.13.jar:"/>
    <property name="java.vm.vendor" value="Oracle Corporation"/>
    <property name="sun.arch.data.model" value="64"/>
    <property name="java.vendor.url" value="http://java.oracle.com/"/>
    <property name="user.timezone" value=""/>
    <property name="java.vm.specification.version" value="9"/>
    <property name="os.name" value="Mac OS X"/>
    <property name="sun.java.launcher" value="SUN_STANDARD"/>
    <property name="user.country" value="US"/>
    <property name="sun.boot.library.path" value="/Library/Java/JavaVirtualMachines/jdk-9.0.4.jdk/Contents/Home/lib"/>
    <property name="sun.java.command" value="/Users/elli/IdeaProjects/custom-nifi/nifi-demo-processors/target/surefire/surefirebooter15464512319443990693.jar /Users/elli/IdeaProjects/custom-nifi/nifi-demo-processors/target/surefire 2018-12-25T19-49-23_747-jvmRun1 surefire1807714073881529114tmp surefire_018092753228974257243tmp"/>
    <property name="http.nonProxyHosts" value="local|*.local|169.254/16|*.169.254/16"/>
    <property name="jdk.debug" value="release"/>
    <property name="surefire.test.class.path" value="/Users/elli/IdeaProjects/custom-nifi/nifi-demo-processors/target/test-classes:/Users/elli/IdeaProjects/custom-nifi/nifi-demo-processors/target/classes:/Users/elli/.m2/repository/org/apache/nifi/nifi-api/1.8.0/nifi-api-1.8.0.jar:/Users/elli/.m2/repository/org/apache/nifi/nifi-utils/1.8.0/nifi-utils-1.8.0.jar:/Users/elli/.m2/repository/org/apache/nifi/nifi-mock/1.8.0/nifi-mock-1.8.0.jar:/Users/elli/.m2/repository/org/apache/nifi/nifi-framework-api/1.8.0/nifi-framework-api-1.8.0.jar:/Users/elli/.m2/repository/org/apache/nifi/nifi-expression-language/1.8.0/nifi-expression-language-1.8.0.jar:/Users/elli/.m2/repository/org/antlr/antlr-runtime/3.5.2/antlr-runtime-3.5.2.jar:/Users/elli/.m2/repository/com/jayway/jsonpath/json-path/2.4.0/json-path-2.4.0.jar:/Users/elli/.m2/repository/net/minidev/json-smart/2.3/json-smart-2.3.jar:/Users/elli/.m2/repository/net/minidev/accessors-smart/1.2/accessors-smart-1.2.jar:/Users/elli/.m2/repository/org/ow2/asm/asm/5.0.4/asm-5.0.4.jar:/Users/elli/.m2/repository/com/fasterxml/jackson/core/jackson-databind/2.9.7/jackson-databind-2.9.7.jar:/Users/elli/.m2/repository/com/fasterxml/jackson/core/jackson-annotations/2.9.0/jackson-annotations-2.9.0.jar:/Users/elli/.m2/repository/com/fasterxml/jackson/core/jackson-core/2.9.7/jackson-core-2.9.7.jar:/Users/elli/.m2/repository/org/apache/commons/commons-text/1.4/commons-text-1.4.jar:/Users/elli/.m2/repository/org/apache/commons/commons-lang3/3.7/commons-lang3-3.7.jar:/Users/elli/.m2/repository/org/apache/nifi/nifi-data-provenance-utils/1.8.0/nifi-data-provenance-utils-1.8.0.jar:/Users/elli/.m2/repository/org/apache/nifi/nifi-security-utils/1.8.0/nifi-security-utils-1.8.0.jar:/Users/elli/.m2/repository/commons-codec/commons-codec/1.11/commons-codec-1.11.jar:/Users/elli/.m2/repository/org/bouncycastle/bcpkix-jdk15on/1.60/bcpkix-jdk15on-1.60.jar:/Users/elli/.m2/repository/de/svenkubiak/jBCrypt/0.4.1/jBCrypt-0.4.1.jar:/Users/elli/.m2/repository/org/bouncycastle/bcprov-jdk15on/1.60/bcprov-jdk15on-1.60.jar:/Users/elli/.m2/repository/org/apache/nifi/nifi-properties-loader/1.8.0/nifi-properties-loader-1.8.0.jar:/Users/elli/.m2/repository/ch/qos/logback/logback-classic/1.2.3/logback-classic-1.2.3.jar:/Users/elli/.m2/repository/ch/qos/logback/logback-core/1.2.3/logback-core-1.2.3.jar:/Users/elli/.m2/repository/org/apache/nifi/nifi-properties/1.8.0/nifi-properties-1.8.0.jar:/Users/elli/.m2/repository/org/slf4j/slf4j-simple/1.7.25/slf4j-simple-1.7.25.jar:/Users/elli/.m2/repository/org/slf4j/slf4j-api/1.7.25/slf4j-api-1.7.25.jar:/Users/elli/.m2/repository/junit/junit/4.12/junit-4.12.jar:/Users/elli/.m2/repository/org/hamcrest/hamcrest-core/1.3/hamcrest-core-1.3.jar:/Users/elli/.m2/repository/commons-io/commons-io/2.4/commons-io-2.4.jar:/Users/elli/.m2/repository/org/json/json/20180130/json-20180130.jar:/Users/elli/.m2/repository/org/mockito/mockito-core/1.10.19/mockito-core-1.10.19.jar:/Users/elli/.m2/repository/org/objenesis/objenesis/2.1/objenesis-2.1.jar:/Users/elli/.m2/repository/org/codehaus/groovy/groovy-all/2.4.13/groovy-all-2.4.13.jar:"/>
    <property name="sun.cpu.endian" value="little"/>
    <property name="user.home" value="/Users/elli"/>
    <property name="user.language" value="en"/>
    <property name="java.specification.vendor" value="Oracle Corporation"/>
    <property name="java.home" value="/Library/Java/JavaVirtualMachines/jdk-9.0.4.jdk/Contents/Home"/>
    <property name="file.separator" value="/"/>
    <property name="basedir" value="/Users/elli/IdeaProjects/custom-nifi/nifi-demo-processors"/>
    <property name="java.vm.compressedOopsMode" value="Zero based"/>
    <property name="line.separator" value="&#10;"/>
    <property name="java.specification.name" value="Java Platform API Specification"/>
    <property name="java.vm.specification.vendor" value="Oracle Corporation"/>
    <property name="java.awt.graphicsenv" value="sun.awt.CGraphicsEnvironment"/>
    <property name="java.awt.headless" value="true"/>
    <property name="surefire.real.class.path" value="/Users/elli/IdeaProjects/custom-nifi/nifi-demo-processors/target/surefire/surefirebooter15464512319443990693.jar"/>
    <property name="sun.management.compiler" value="HotSpot 64-Bit Tiered Compilers"/>
    <property name="ftp.nonProxyHosts" value="local|*.local|169.254/16|*.169.254/16"/>
    <property name="java.runtime.version" value="9.0.4+11"/>
    <property name="user.name" value="elli"/>
    <property name="java.net.preferIPv4Stack" value="true"/>
    <property name="path.separator" value=":"/>
    <property name="os.version" value="10.13.6"/>
    <property name="java.runtime.name" value="OpenJDK Runtime Environment"/>
    <property name="file.encoding" value="UTF-8"/>
    <property name="java.vm.name" value="OpenJDK 64-Bit Server VM"/>
    <property name="localRepository" value="/Users/elli/.m2/repository"/>
    <property name="java.vendor.url.bug" value="http://bugreport.java.com/bugreport/"/>
    <property name="java.io.tmpdir" value="/var/folders/7_/yjw0wt695zb65z1968yyx7z00000gn/T/"/>
    <property name="java.version" value="9.0.4"/>
    <property name="user.dir" value="/Users/elli/IdeaProjects/custom-nifi/nifi-demo-processors"/>
    <property name="os.arch" value="x86_64"/>
    <property name="java.vm.specification.name" value="Java Virtual Machine Specification"/>
    <property name="java.awt.printerjob" value="sun.lwawt.macosx.CPrinterJob"/>
    <property name="sun.os.patch.level" value="unknown"/>
    <property name="java.library.path" value="/Users/elli/Library/Java/Extensions:/Library/Java/Extensions:/Network/Library/Java/Extensions:/System/Library/Java/Extensions:/usr/lib/java:."/>
    <property name="java.vm.info" value="mixed mode"/>
    <property name="java.vendor" value="Oracle Corporation"/>
    <property name="java.vm.version" value="9.0.4+11"/>
    <property name="sun.io.unicode.encoding" value="UnicodeBig"/>
    <property name="java.class.version" value="53.0"/>
    <property name="socksNonProxyHosts" value="local|*.local|169.254/16|*.169.254/16"/>
  </properties>
  <testcase name="testProcessor" classname="custom.CustomCounterProcessorTest" time="0.254"/>
</testsuite>